<?xml version="1.0" encoding="UTF-8"?>
<!-- Generated by org.testng.reporters.JUnitReportReporter -->
<testsuite hostname="andile-ThinkPad-T530" failures="0" tests="3" name="AlertsTests" time="3.840" errors="0" timestamp="29 Aug 2020 04:36:56 GMT">
  <testcase classname="AlertsTests" name="testAcceptAlert" time="1.269"/>
  <testcase classname="AlertsTests" name="testGetText" time="1.241"/>
  <testcase classname="AlertsTests" name="name" time="1.330"/>
</testsuite> <!-- AlertsTests -->
