<?xml version="1.0" encoding="UTF-8"?>
<!-- Generated by org.testng.reporters.JUnitReportReporter -->
<testsuite hostname="andile-ThinkPad-T530" failures="0" tests="1" name="exercises.chapter6.slider.SliderTests" time="1.469" errors="0" timestamp="28 Aug 2020 00:38:41 GMT">
  <testcase classname="exercises.chapter6.slider.SliderTests" name="testSliderToWwholeNumber" time="1.469"/>
</testsuite> <!-- exercises.chapter6.slider.SliderTests -->
