<?xml version="1.0" encoding="UTF-8"?>
<!-- Generated by org.testng.reporters.JUnitReportReporter -->
<testsuite hostname="andile-ThinkPad-T530" failures="0" tests="1" name="keys.KeysTests" time="85.019" errors="0" timestamp="28 Aug 2020 00:06:56 GMT">
  <testcase classname="keys.KeysTests" name="testPi" time="85.019"/>
</testsuite> <!-- keys.KeysTests -->
