<?xml version="1.0" encoding="UTF-8"?>
<!-- Generated by org.testng.reporters.JUnitReportReporter -->
<testsuite hostname="andile-ThinkPad-T530" failures="0" tests="1" name="keys.KeysTests" time="90.686" errors="0" timestamp="22 Aug 2020 12:20:11 GMT">
  <testcase classname="keys.KeysTests" name="testPi" time="90.686"/>
</testsuite> <!-- keys.KeysTests -->
