<?xml version="1.0" encoding="UTF-8"?>
<!-- Generated by org.testng.reporters.JUnitReportReporter -->
<testsuite hostname="andile-ThinkPad-T530" name="login.LoginTests" tests="1" failures="0" timestamp="19 Aug 2020 13:08:48 GMT" time="3.446" errors="0">
  <testcase name="testSuccessfulLogin" time="3.446" classname="login.LoginTests"/>
</testsuite> <!-- login.LoginTests -->
