<?xml version="1.0" encoding="UTF-8"?>
<!-- Generated by org.testng.reporters.JUnitReportReporter -->
<testsuite hostname="andile-ThinkPad-T530" failures="0" tests="1" name="frames.FrameTest" time="27.350" errors="0" timestamp="30 Aug 2020 11:58:13 GMT">
  <testcase classname="frames.FrameTest" name="testWiswyg" time="27.350"/>
</testsuite> <!-- frames.FrameTest -->
