<?xml version="1.0" encoding="UTF-8"?>
<!-- Generated by org.testng.reporters.JUnitReportReporter -->
<testsuite hostname="andile-ThinkPad-T530" failures="0" tests="1" name="exercises.chapter7.contextmenu.ContextMenuTests" time="1.290" errors="0" timestamp="29 Aug 2020 05:48:13 GMT">
  <testcase classname="exercises.chapter7.contextmenu.ContextMenuTests" name="textRightClick" time="1.290"/>
</testsuite> <!-- exercises.chapter7.contextmenu.ContextMenuTests -->
