<?xml version="1.0" encoding="UTF-8"?>
<!-- Generated by org.testng.reporters.JUnitReportReporter -->
<testsuite hostname="andile-ThinkPad-T530" failures="0" tests="1" name="alerts.FileUploadTests" time="19.623" errors="0" timestamp="29 Aug 2020 05:12:21 GMT">
  <testcase classname="alerts.FileUploadTests" name="testFileUpload" time="19.623"/>
</testsuite> <!-- alerts.FileUploadTests -->
